#! /c/Source/iverilog-install/bin/vvp
:ivl_version "12.0 (devel)" "(s20150603-1539-g2693dd32b)";
:ivl_delay_selection "TYPICAL";
:vpi_time_precision - 12;
:vpi_module "D:\iverilog\lib\ivl\system.vpi";
:vpi_module "D:\iverilog\lib\ivl\vhdl_sys.vpi";
:vpi_module "D:\iverilog\lib\ivl\vhdl_textio.vpi";
:vpi_module "D:\iverilog\lib\ivl\v2005_math.vpi";
:vpi_module "D:\iverilog\lib\ivl\va_math.vpi";
S_0000020f3e78ea20 .scope module, "tb" "tb" 2 2;
 .timescale -9 -12;
v0000020f3e7e84d0_0 .net "avg_bus_in", 7 0, L_0000020f3e7e78f0;  1 drivers
v0000020f3e7e8570_0 .var "clk_i", 0 0;
v0000020f3e7e7670_0 .net "flag_grayscale_complete", 0 0, v0000020f3e7e64c0_0;  1 drivers
v0000020f3e7e8110_0 .net "flag_output_complete", 0 0, v0000020f3e7e6560_0;  1 drivers
v0000020f3e7e7490_0 .net "gray_output_done", 0 0, v0000020f3e7e4b20_0;  1 drivers
v0000020f3e7e7ad0_0 .var/i "i", 31 0;
v0000020f3e7e7df0 .array "in_data", 3071 0, 7 0;
v0000020f3e7e7c10_0 .var/i "infile", 31 0;
v0000020f3e7e6b30_0 .var/i "j", 31 0;
v0000020f3e7e6f90_0 .var/i "m", 31 0;
v0000020f3e7e6c70_0 .var/i "outfile", 31 0;
v0000020f3e7e7850_0 .var/i "outfile1", 31 0;
v0000020f3e7e8610_0 .var/i "outfile2", 31 0;
v0000020f3e7e86b0_0 .var "rgb_in", 7 0;
v0000020f3e7e7350_0 .net "rgb_out", 7 0, L_0000020f3e78e050;  1 drivers
v0000020f3e7e6bd0_0 .var "rst_i", 0 0;
v0000020f3e7e7e90_0 .net "sobel_bus_in", 7 0, L_0000020f3e841ce0;  1 drivers
v0000020f3e7e8430_0 .net "sobel_output_done", 0 0, v0000020f3e7e4d00_0;  1 drivers
v0000020f3e7e8070_0 .net "taken_input", 0 0, v0000020f3e7e6e50_0;  1 drivers
v0000020f3e7e8750_0 .var "tmp", 0 0;
v0000020f3e7e7cb0_0 .var "tmp2", 0 0;
E_0000020f3e790570 .event negedge, v0000020f3e7e5f20_0;
S_0000020f3e795410 .scope module, "UUT" "avgGrayscale" 2 28, 3 1 0, S_0000020f3e78ea20;
 .timescale -9 -12;
    .port_info 0 /INPUT 8 "rgb_in";
    .port_info 1 /INPUT 1 "clk_i";
    .port_info 2 /INPUT 1 "reset";
    .port_info 3 /OUTPUT 8 "rgb_out";
    .port_info 4 /OUTPUT 1 "flag_grayscale_complete";
    .port_info 5 /OUTPUT 1 "flag_output_complete";
    .port_info 6 /OUTPUT 1 "taken_input";
    .port_info 7 /OUTPUT 1 "gray_output_done";
    .port_info 8 /OUTPUT 1 "sobel_output_done";
    .port_info 9 /OUTPUT 8 "avg_bus_in";
    .port_info 10 /OUTPUT 8 "sobel_bus_in";
P_0000020f3e78ebb0 .param/l "res_x" 0 3 10, +C4<00000000000000000000000000100000>;
P_0000020f3e78ebe8 .param/l "res_y" 0 3 9, +C4<00000000000000000000000000100000>;
L_0000020f3e78e050 .functor BUFZ 8, L_0000020f3e841ce0, C4<00000000>, C4<00000000>, C4<00000000>;
v0000020f3e7e5700_0 .var "a_col", 10 0;
v0000020f3e7e5160_0 .var "a_row", 10 0;
v0000020f3e7e4a80 .array "arow1", 0 2, 7 0;
v0000020f3e7e5e80 .array "arow2", 0 2, 7 0;
v0000020f3e7e5200 .array "arow3", 0 2, 7 0;
v0000020f3e7e52a0_0 .net "avg_bus_in", 7 0, L_0000020f3e7e78f0;  alias, 1 drivers
v0000020f3e7e5fc0 .array "avg_mem", 1023 0, 7 0;
v0000020f3e7e5840_0 .var "b_col", 10 0;
v0000020f3e7e57a0_0 .var "b_row", 10 0;
v0000020f3e7e5980_0 .var "c_col", 10 0;
v0000020f3e7e5a20_0 .var "c_row", 10 0;
v0000020f3e7e5f20_0 .net "clk_i", 0 0, v0000020f3e7e8570_0;  1 drivers
v0000020f3e7e6060_0 .var "col", 10 0;
v0000020f3e7e67e0_0 .var "counter", 12 0;
v0000020f3e7e5ac0_0 .var "d_col", 10 0;
v0000020f3e7e62e0_0 .var "d_row", 10 0;
v0000020f3e7e5520 .array "edge_mem", 1023 0, 7 0;
v0000020f3e7e64c0_0 .var "flag_grayscale_complete", 0 0;
v0000020f3e7e6560_0 .var "flag_output_complete", 0 0;
v0000020f3e7e6100 .array/s "g_channel", 1023 0, 7 0;
v0000020f3e7e53e0 .array "gray_mem", 1023 0, 7 0;
v0000020f3e7e4b20_0 .var "gray_output_done", 0 0;
v0000020f3e7e5480_0 .var/i "i", 31 0;
v0000020f3e7e4da0 .array/s "r_channel", 1023 0, 7 0;
v0000020f3e7e6600_0 .net "reset", 0 0, v0000020f3e7e6bd0_0;  1 drivers
v0000020f3e7e6380_0 .net "rgb_in", 7 0, v0000020f3e7e86b0_0;  1 drivers
v0000020f3e7e66a0_0 .net "rgb_out", 7 0, L_0000020f3e78e050;  alias, 1 drivers
v0000020f3e7e6740_0 .var "row", 10 0;
v0000020f3e7e4c60_0 .net "sobel_bus_in", 7 0, L_0000020f3e841ce0;  alias, 1 drivers
v0000020f3e7e4d00_0 .var "sobel_output_done", 0 0;
v0000020f3e7e82f0 .array "srow1", 0 2, 7 0;
v0000020f3e7e7d50 .array "srow2", 0 2, 7 0;
v0000020f3e7e7710 .array "srow3", 0 2, 7 0;
v0000020f3e7e6e50_0 .var "taken_input", 0 0;
E_0000020f3e7904b0 .event posedge, v0000020f3e7e5f20_0;
S_0000020f3e7955a0 .scope module, "avg" "core_avg" 3 36, 4 1 0, S_0000020f3e795410;
 .timescale -9 -12;
    .port_info 0 /INPUT 8 "p0";
    .port_info 1 /INPUT 8 "p1";
    .port_info 2 /INPUT 8 "p2";
    .port_info 3 /INPUT 8 "p3";
    .port_info 4 /INPUT 8 "p4";
    .port_info 5 /INPUT 8 "p5";
    .port_info 6 /INPUT 8 "p6";
    .port_info 7 /INPUT 8 "p7";
    .port_info 8 /INPUT 8 "p8";
    .port_info 9 /OUTPUT 8 "out";
v0000020f3e765770_0 .net *"_ivl_0", 31 0, L_0000020f3e7e8390;  1 drivers
v0000020f3e765310_0 .net *"_ivl_10", 31 0, L_0000020f3e7e7530;  1 drivers
L_0000020f3e7e89a8 .functor BUFT 1, C4<000000000000000000000000>, C4<0>, C4<0>, C4<0>;
v0000020f3e766210_0 .net *"_ivl_13", 23 0, L_0000020f3e7e89a8;  1 drivers
v0000020f3e766030_0 .net *"_ivl_14", 31 0, L_0000020f3e7e87f0;  1 drivers
v0000020f3e765d10_0 .net *"_ivl_16", 31 0, L_0000020f3e7e7fd0;  1 drivers
L_0000020f3e7e89f0 .functor BUFT 1, C4<000000000000000000000000>, C4<0>, C4<0>, C4<0>;
v0000020f3e766170_0 .net *"_ivl_19", 23 0, L_0000020f3e7e89f0;  1 drivers
v0000020f3e765090_0 .net *"_ivl_20", 31 0, L_0000020f3e7e8250;  1 drivers
v0000020f3e765bd0_0 .net *"_ivl_22", 31 0, L_0000020f3e7e81b0;  1 drivers
L_0000020f3e7e8a38 .functor BUFT 1, C4<000000000000000000000000>, C4<0>, C4<0>, C4<0>;
v0000020f3e764c30_0 .net *"_ivl_25", 23 0, L_0000020f3e7e8a38;  1 drivers
v0000020f3e766350_0 .net *"_ivl_26", 31 0, L_0000020f3e7e6950;  1 drivers
v0000020f3e765db0_0 .net *"_ivl_28", 31 0, L_0000020f3e7e6d10;  1 drivers
L_0000020f3e7e8918 .functor BUFT 1, C4<000000000000000000000000>, C4<0>, C4<0>, C4<0>;
v0000020f3e7665d0_0 .net *"_ivl_3", 23 0, L_0000020f3e7e8918;  1 drivers
L_0000020f3e7e8a80 .functor BUFT 1, C4<000000000000000000000000>, C4<0>, C4<0>, C4<0>;
v0000020f3e765ef0_0 .net *"_ivl_31", 23 0, L_0000020f3e7e8a80;  1 drivers
v0000020f3e764870_0 .net *"_ivl_32", 31 0, L_0000020f3e7e69f0;  1 drivers
v0000020f3e766670_0 .net *"_ivl_34", 31 0, L_0000020f3e7e6db0;  1 drivers
L_0000020f3e7e8ac8 .functor BUFT 1, C4<000000000000000000000000>, C4<0>, C4<0>, C4<0>;
v0000020f3e766490_0 .net *"_ivl_37", 23 0, L_0000020f3e7e8ac8;  1 drivers
v0000020f3e764ff0_0 .net *"_ivl_38", 31 0, L_0000020f3e7e6ef0;  1 drivers
v0000020f3e765130_0 .net *"_ivl_4", 31 0, L_0000020f3e7e7b70;  1 drivers
v0000020f3e765630_0 .net *"_ivl_40", 31 0, L_0000020f3e7e7030;  1 drivers
L_0000020f3e7e8b10 .functor BUFT 1, C4<000000000000000000000000>, C4<0>, C4<0>, C4<0>;
v0000020f3e765450_0 .net *"_ivl_43", 23 0, L_0000020f3e7e8b10;  1 drivers
v0000020f3e766710_0 .net *"_ivl_44", 31 0, L_0000020f3e7e6a90;  1 drivers
v0000020f3e764a50_0 .net *"_ivl_46", 31 0, L_0000020f3e7e70d0;  1 drivers
L_0000020f3e7e8b58 .functor BUFT 1, C4<000000000000000000000000>, C4<0>, C4<0>, C4<0>;
v0000020f3e765e50_0 .net *"_ivl_49", 23 0, L_0000020f3e7e8b58;  1 drivers
v0000020f3e765810_0 .net *"_ivl_50", 31 0, L_0000020f3e7e7170;  1 drivers
L_0000020f3e7e8ba0 .functor BUFT 1, C4<00000000000000000000000000001001>, C4<0>, C4<0>, C4<0>;
v0000020f3e7660d0_0 .net/2u *"_ivl_52", 31 0, L_0000020f3e7e8ba0;  1 drivers
v0000020f3e7658b0_0 .net *"_ivl_54", 31 0, L_0000020f3e7e7210;  1 drivers
v0000020f3e765950_0 .net *"_ivl_59", 2 0, L_0000020f3e7e73f0;  1 drivers
v0000020f3e764af0_0 .net *"_ivl_61", 0 0, L_0000020f3e7e75d0;  1 drivers
L_0000020f3e7e8be8 .functor BUFT 1, C4<11111111>, C4<0>, C4<0>, C4<0>;
v0000020f3e764b90_0 .net/2u *"_ivl_62", 7 0, L_0000020f3e7e8be8;  1 drivers
v0000020f3e764cd0_0 .net *"_ivl_65", 7 0, L_0000020f3e7e77b0;  1 drivers
L_0000020f3e7e8960 .functor BUFT 1, C4<000000000000000000000000>, C4<0>, C4<0>, C4<0>;
v0000020f3e7651d0_0 .net *"_ivl_7", 23 0, L_0000020f3e7e8960;  1 drivers
v0000020f3e764d70_0 .net *"_ivl_8", 31 0, L_0000020f3e7e7f30;  1 drivers
v0000020f3e7654f0_0 .net "out", 7 0, L_0000020f3e7e78f0;  alias, 1 drivers
v0000020f3e7e4a80_0 .array/port v0000020f3e7e4a80, 0;
v0000020f3e7653b0_0 .net "p0", 7 0, v0000020f3e7e4a80_0;  1 drivers
v0000020f3e7e4a80_1 .array/port v0000020f3e7e4a80, 1;
v0000020f3e764e10_0 .net "p1", 7 0, v0000020f3e7e4a80_1;  1 drivers
v0000020f3e7e4a80_2 .array/port v0000020f3e7e4a80, 2;
v0000020f3e764eb0_0 .net "p2", 7 0, v0000020f3e7e4a80_2;  1 drivers
v0000020f3e7e5e80_0 .array/port v0000020f3e7e5e80, 0;
v0000020f3e764f50_0 .net "p3", 7 0, v0000020f3e7e5e80_0;  1 drivers
v0000020f3e7e5e80_1 .array/port v0000020f3e7e5e80, 1;
v0000020f3e765f90_0 .net "p4", 7 0, v0000020f3e7e5e80_1;  1 drivers
v0000020f3e7e5e80_2 .array/port v0000020f3e7e5e80, 2;
v0000020f3e7659f0_0 .net "p5", 7 0, v0000020f3e7e5e80_2;  1 drivers
v0000020f3e7e5200_0 .array/port v0000020f3e7e5200, 0;
v0000020f3e765a90_0 .net "p6", 7 0, v0000020f3e7e5200_0;  1 drivers
v0000020f3e7e5200_1 .array/port v0000020f3e7e5200, 1;
v0000020f3e7e3520_0 .net "p7", 7 0, v0000020f3e7e5200_1;  1 drivers
v0000020f3e7e5200_2 .array/port v0000020f3e7e5200, 2;
v0000020f3e7e3e80_0 .net "p8", 7 0, v0000020f3e7e5200_2;  1 drivers
v0000020f3e7e35c0_0 .net "sum", 10 0, L_0000020f3e7e72b0;  1 drivers
L_0000020f3e7e8390 .concat [ 8 24 0 0], v0000020f3e7e4a80_0, L_0000020f3e7e8918;
L_0000020f3e7e7b70 .concat [ 8 24 0 0], v0000020f3e7e4a80_1, L_0000020f3e7e8960;
L_0000020f3e7e7f30 .arith/sum 32, L_0000020f3e7e8390, L_0000020f3e7e7b70;
L_0000020f3e7e7530 .concat [ 8 24 0 0], v0000020f3e7e4a80_2, L_0000020f3e7e89a8;
L_0000020f3e7e87f0 .arith/sum 32, L_0000020f3e7e7f30, L_0000020f3e7e7530;
L_0000020f3e7e7fd0 .concat [ 8 24 0 0], v0000020f3e7e5e80_0, L_0000020f3e7e89f0;
L_0000020f3e7e8250 .arith/sum 32, L_0000020f3e7e87f0, L_0000020f3e7e7fd0;
L_0000020f3e7e81b0 .concat [ 8 24 0 0], v0000020f3e7e5e80_1, L_0000020f3e7e8a38;
L_0000020f3e7e6950 .arith/sum 32, L_0000020f3e7e8250, L_0000020f3e7e81b0;
L_0000020f3e7e6d10 .concat [ 8 24 0 0], v0000020f3e7e5e80_2, L_0000020f3e7e8a80;
L_0000020f3e7e69f0 .arith/sum 32, L_0000020f3e7e6950, L_0000020f3e7e6d10;
L_0000020f3e7e6db0 .concat [ 8 24 0 0], v0000020f3e7e5200_0, L_0000020f3e7e8ac8;
L_0000020f3e7e6ef0 .arith/sum 32, L_0000020f3e7e69f0, L_0000020f3e7e6db0;
L_0000020f3e7e7030 .concat [ 8 24 0 0], v0000020f3e7e5200_1, L_0000020f3e7e8b10;
L_0000020f3e7e6a90 .arith/sum 32, L_0000020f3e7e6ef0, L_0000020f3e7e7030;
L_0000020f3e7e70d0 .concat [ 8 24 0 0], v0000020f3e7e5200_2, L_0000020f3e7e8b58;
L_0000020f3e7e7170 .arith/sum 32, L_0000020f3e7e6a90, L_0000020f3e7e70d0;
L_0000020f3e7e7210 .arith/div 32, L_0000020f3e7e7170, L_0000020f3e7e8ba0;
L_0000020f3e7e72b0 .part L_0000020f3e7e7210, 0, 11;
L_0000020f3e7e73f0 .part L_0000020f3e7e72b0, 8, 3;
L_0000020f3e7e75d0 .reduce/or L_0000020f3e7e73f0;
L_0000020f3e7e77b0 .part L_0000020f3e7e72b0, 0, 8;
L_0000020f3e7e78f0 .functor MUXZ 8, L_0000020f3e7e77b0, L_0000020f3e7e8be8, L_0000020f3e7e75d0, C4<>;
S_0000020f3e74b510 .scope module, "sobel" "core_sobel" 3 37, 5 1 0, S_0000020f3e795410;
 .timescale -9 -12;
    .port_info 0 /INPUT 8 "p0";
    .port_info 1 /INPUT 8 "p1";
    .port_info 2 /INPUT 8 "p2";
    .port_info 3 /INPUT 8 "p3";
    .port_info 4 /INPUT 8 "p5";
    .port_info 5 /INPUT 8 "p6";
    .port_info 6 /INPUT 8 "p7";
    .port_info 7 /INPUT 8 "p8";
    .port_info 8 /OUTPUT 8 "out";
L_0000020f3e78e2f0 .functor NOT 11, L_0000020f3e8426e0, C4<00000000000>, C4<00000000000>, C4<00000000000>;
L_0000020f3e78e130 .functor NOT 11, L_0000020f3e841e20, C4<00000000000>, C4<00000000000>, C4<00000000000>;
v0000020f3e7e29e0_0 .net *"_ivl_0", 10 0, L_0000020f3e7e7990;  1 drivers
v0000020f3e7e2ee0_0 .net *"_ivl_10", 10 0, L_0000020f3e841560;  1 drivers
L_0000020f3e7e9068 .functor BUFT 1, C4<00000000000000000000000000001010>, C4<0>, C4<0>, C4<0>;
v0000020f3e7e2260_0 .net/2s *"_ivl_100", 31 0, L_0000020f3e7e9068;  1 drivers
v0000020f3e7e3700_0 .net/s *"_ivl_102", 31 0, L_0000020f3e841420;  1 drivers
v0000020f3e7e23a0_0 .net *"_ivl_107", 2 0, L_0000020f3e8414c0;  1 drivers
v0000020f3e7e38e0_0 .net *"_ivl_109", 0 0, L_0000020f3e842000;  1 drivers
L_0000020f3e7e90b0 .functor BUFT 1, C4<11111111>, C4<0>, C4<0>, C4<0>;
v0000020f3e7e2bc0_0 .net/2u *"_ivl_110", 7 0, L_0000020f3e7e90b0;  1 drivers
v0000020f3e7e3ca0_0 .net *"_ivl_113", 7 0, L_0000020f3e841740;  1 drivers
L_0000020f3e7e8cc0 .functor BUFT 1, C4<000>, C4<0>, C4<0>, C4<0>;
v0000020f3e7e2580_0 .net *"_ivl_13", 2 0, L_0000020f3e7e8cc0;  1 drivers
v0000020f3e7e2e40_0 .net *"_ivl_14", 10 0, L_0000020f3e841ec0;  1 drivers
L_0000020f3e7e8d08 .functor BUFT 1, C4<000>, C4<0>, C4<0>, C4<0>;
v0000020f3e7e3980_0 .net *"_ivl_17", 2 0, L_0000020f3e7e8d08;  1 drivers
v0000020f3e7e37a0_0 .net *"_ivl_18", 10 0, L_0000020f3e841920;  1 drivers
v0000020f3e7e3840_0 .net *"_ivl_20", 10 0, L_0000020f3e840ca0;  1 drivers
v0000020f3e7e3a20_0 .net *"_ivl_22", 9 0, L_0000020f3e842320;  1 drivers
L_0000020f3e7e8d50 .functor BUFT 1, C4<0>, C4<0>, C4<0>, C4<0>;
v0000020f3e7e21c0_0 .net *"_ivl_24", 0 0, L_0000020f3e7e8d50;  1 drivers
v0000020f3e7e2a80_0 .net *"_ivl_26", 10 0, L_0000020f3e841060;  1 drivers
v0000020f3e7e2620_0 .net *"_ivl_28", 10 0, L_0000020f3e840e80;  1 drivers
L_0000020f3e7e8c30 .functor BUFT 1, C4<000>, C4<0>, C4<0>, C4<0>;
v0000020f3e7e3fc0_0 .net *"_ivl_3", 2 0, L_0000020f3e7e8c30;  1 drivers
L_0000020f3e7e8d98 .functor BUFT 1, C4<000>, C4<0>, C4<0>, C4<0>;
v0000020f3e7e2b20_0 .net *"_ivl_31", 2 0, L_0000020f3e7e8d98;  1 drivers
v0000020f3e7e3ac0_0 .net *"_ivl_32", 10 0, L_0000020f3e840de0;  1 drivers
L_0000020f3e7e8de0 .functor BUFT 1, C4<000>, C4<0>, C4<0>, C4<0>;
v0000020f3e7e3b60_0 .net *"_ivl_35", 2 0, L_0000020f3e7e8de0;  1 drivers
v0000020f3e7e3020_0 .net *"_ivl_36", 10 0, L_0000020f3e840ac0;  1 drivers
v0000020f3e7e2d00_0 .net *"_ivl_4", 10 0, L_0000020f3e7e7a30;  1 drivers
v0000020f3e7e30c0_0 .net *"_ivl_40", 10 0, L_0000020f3e8420a0;  1 drivers
L_0000020f3e7e8e28 .functor BUFT 1, C4<000>, C4<0>, C4<0>, C4<0>;
v0000020f3e7e3c00_0 .net *"_ivl_43", 2 0, L_0000020f3e7e8e28;  1 drivers
v0000020f3e7e3480_0 .net *"_ivl_44", 10 0, L_0000020f3e840b60;  1 drivers
L_0000020f3e7e8e70 .functor BUFT 1, C4<000>, C4<0>, C4<0>, C4<0>;
v0000020f3e7e3d40_0 .net *"_ivl_47", 2 0, L_0000020f3e7e8e70;  1 drivers
v0000020f3e7e3de0_0 .net *"_ivl_48", 10 0, L_0000020f3e8411a0;  1 drivers
v0000020f3e7e3f20_0 .net *"_ivl_50", 10 0, L_0000020f3e841240;  1 drivers
L_0000020f3e7e8eb8 .functor BUFT 1, C4<000>, C4<0>, C4<0>, C4<0>;
v0000020f3e7e26c0_0 .net *"_ivl_53", 2 0, L_0000020f3e7e8eb8;  1 drivers
v0000020f3e7e2120_0 .net *"_ivl_54", 10 0, L_0000020f3e840c00;  1 drivers
L_0000020f3e7e8f00 .functor BUFT 1, C4<000>, C4<0>, C4<0>, C4<0>;
v0000020f3e7e2300_0 .net *"_ivl_57", 2 0, L_0000020f3e7e8f00;  1 drivers
v0000020f3e7e2440_0 .net *"_ivl_58", 10 0, L_0000020f3e841f60;  1 drivers
v0000020f3e7e2760_0 .net *"_ivl_60", 10 0, L_0000020f3e840f20;  1 drivers
v0000020f3e7e2f80_0 .net *"_ivl_62", 10 0, L_0000020f3e842280;  1 drivers
L_0000020f3e7e8f48 .functor BUFT 1, C4<000>, C4<0>, C4<0>, C4<0>;
v0000020f3e7e2800_0 .net *"_ivl_65", 2 0, L_0000020f3e7e8f48;  1 drivers
v0000020f3e7e24e0_0 .net *"_ivl_66", 10 0, L_0000020f3e840fc0;  1 drivers
L_0000020f3e7e8f90 .functor BUFT 1, C4<000>, C4<0>, C4<0>, C4<0>;
v0000020f3e7e28a0_0 .net *"_ivl_69", 2 0, L_0000020f3e7e8f90;  1 drivers
L_0000020f3e7e8c78 .functor BUFT 1, C4<000>, C4<0>, C4<0>, C4<0>;
v0000020f3e7e2940_0 .net *"_ivl_7", 2 0, L_0000020f3e7e8c78;  1 drivers
v0000020f3e7e2c60_0 .net *"_ivl_70", 10 0, L_0000020f3e841880;  1 drivers
v0000020f3e7e3200_0 .net *"_ivl_75", 0 0, L_0000020f3e841d80;  1 drivers
v0000020f3e7e2da0_0 .net *"_ivl_76", 10 0, L_0000020f3e78e2f0;  1 drivers
L_0000020f3e7e8fd8 .functor BUFT 1, C4<00000000001>, C4<0>, C4<0>, C4<0>;
v0000020f3e7e32a0_0 .net/2s *"_ivl_78", 10 0, L_0000020f3e7e8fd8;  1 drivers
v0000020f3e7e3160_0 .net *"_ivl_8", 10 0, L_0000020f3e840a20;  1 drivers
v0000020f3e7e3340_0 .net/s *"_ivl_80", 10 0, L_0000020f3e841600;  1 drivers
v0000020f3e7e33e0_0 .net *"_ivl_85", 0 0, L_0000020f3e8423c0;  1 drivers
v0000020f3e7e5340_0 .net *"_ivl_86", 10 0, L_0000020f3e78e130;  1 drivers
L_0000020f3e7e9020 .functor BUFT 1, C4<00000000001>, C4<0>, C4<0>, C4<0>;
v0000020f3e7e61a0_0 .net/2s *"_ivl_88", 10 0, L_0000020f3e7e9020;  1 drivers
v0000020f3e7e4e40_0 .net/s *"_ivl_90", 10 0, L_0000020f3e840d40;  1 drivers
v0000020f3e7e5d40_0 .net/s *"_ivl_94", 31 0, L_0000020f3e8412e0;  1 drivers
v0000020f3e7e5b60_0 .net/s *"_ivl_96", 31 0, L_0000020f3e841380;  1 drivers
v0000020f3e7e5ca0_0 .net/s *"_ivl_98", 31 0, L_0000020f3e8419c0;  1 drivers
v0000020f3e7e4940_0 .net/s "abs_gx", 10 0, L_0000020f3e842820;  1 drivers
v0000020f3e7e4bc0_0 .net/s "abs_gy", 10 0, L_0000020f3e841100;  1 drivers
v0000020f3e7e58e0_0 .net/s "gx", 10 0, L_0000020f3e8426e0;  1 drivers
v0000020f3e7e49e0_0 .net/s "gy", 10 0, L_0000020f3e841e20;  1 drivers
v0000020f3e7e5c00_0 .net "out", 7 0, L_0000020f3e841ce0;  alias, 1 drivers
v0000020f3e7e82f0_0 .array/port v0000020f3e7e82f0, 0;
v0000020f3e7e5660_0 .net "p0", 7 0, v0000020f3e7e82f0_0;  1 drivers
v0000020f3e7e82f0_1 .array/port v0000020f3e7e82f0, 1;
v0000020f3e7e6240_0 .net "p1", 7 0, v0000020f3e7e82f0_1;  1 drivers
v0000020f3e7e82f0_2 .array/port v0000020f3e7e82f0, 2;
v0000020f3e7e5de0_0 .net "p2", 7 0, v0000020f3e7e82f0_2;  1 drivers
v0000020f3e7e7d50_0 .array/port v0000020f3e7e7d50, 0;
v0000020f3e7e4ee0_0 .net "p3", 7 0, v0000020f3e7e7d50_0;  1 drivers
v0000020f3e7e7d50_2 .array/port v0000020f3e7e7d50, 2;
v0000020f3e7e4f80_0 .net "p5", 7 0, v0000020f3e7e7d50_2;  1 drivers
v0000020f3e7e7710_0 .array/port v0000020f3e7e7710, 0;
v0000020f3e7e5020_0 .net "p6", 7 0, v0000020f3e7e7710_0;  1 drivers
v0000020f3e7e7710_1 .array/port v0000020f3e7e7710, 1;
v0000020f3e7e6420_0 .net "p7", 7 0, v0000020f3e7e7710_1;  1 drivers
v0000020f3e7e7710_2 .array/port v0000020f3e7e7710, 2;
v0000020f3e7e50c0_0 .net "p8", 7 0, v0000020f3e7e7710_2;  1 drivers
v0000020f3e7e55c0_0 .net "sum", 10 0, L_0000020f3e8421e0;  1 drivers
L_0000020f3e7e7990 .concat [ 8 3 0 0], v0000020f3e7e82f0_2, L_0000020f3e7e8c30;
L_0000020f3e7e7a30 .concat [ 8 3 0 0], v0000020f3e7e82f0_0, L_0000020f3e7e8c78;
L_0000020f3e840a20 .arith/sub 11, L_0000020f3e7e7990, L_0000020f3e7e7a30;
L_0000020f3e841560 .concat [ 8 3 0 0], v0000020f3e7e7d50_2, L_0000020f3e7e8cc0;
L_0000020f3e841ec0 .concat [ 8 3 0 0], v0000020f3e7e7d50_0, L_0000020f3e7e8d08;
L_0000020f3e841920 .arith/sub 11, L_0000020f3e841560, L_0000020f3e841ec0;
L_0000020f3e842320 .part L_0000020f3e841920, 0, 10;
L_0000020f3e840ca0 .concat [ 1 10 0 0], L_0000020f3e7e8d50, L_0000020f3e842320;
L_0000020f3e841060 .arith/sum 11, L_0000020f3e840a20, L_0000020f3e840ca0;
L_0000020f3e840e80 .concat [ 8 3 0 0], v0000020f3e7e7710_2, L_0000020f3e7e8d98;
L_0000020f3e840de0 .concat [ 8 3 0 0], v0000020f3e7e7710_0, L_0000020f3e7e8de0;
L_0000020f3e840ac0 .arith/sub 11, L_0000020f3e840e80, L_0000020f3e840de0;
L_0000020f3e8426e0 .arith/sum 11, L_0000020f3e841060, L_0000020f3e840ac0;
L_0000020f3e8420a0 .concat [ 8 3 0 0], v0000020f3e7e82f0_0, L_0000020f3e7e8e28;
L_0000020f3e840b60 .concat [ 8 3 0 0], v0000020f3e7e7710_0, L_0000020f3e7e8e70;
L_0000020f3e8411a0 .arith/sub 11, L_0000020f3e8420a0, L_0000020f3e840b60;
L_0000020f3e841240 .concat [ 8 3 0 0], v0000020f3e7e82f0_1, L_0000020f3e7e8eb8;
L_0000020f3e840c00 .concat [ 8 3 0 0], v0000020f3e7e7710_1, L_0000020f3e7e8f00;
L_0000020f3e841f60 .arith/sub 11, L_0000020f3e841240, L_0000020f3e840c00;
L_0000020f3e840f20 .arith/sum 11, L_0000020f3e8411a0, L_0000020f3e841f60;
L_0000020f3e842280 .concat [ 8 3 0 0], v0000020f3e7e82f0_2, L_0000020f3e7e8f48;
L_0000020f3e840fc0 .concat [ 8 3 0 0], v0000020f3e7e7710_2, L_0000020f3e7e8f90;
L_0000020f3e841880 .arith/sub 11, L_0000020f3e842280, L_0000020f3e840fc0;
L_0000020f3e841e20 .arith/sum 11, L_0000020f3e840f20, L_0000020f3e841880;
L_0000020f3e841d80 .part L_0000020f3e8426e0, 10, 1;
L_0000020f3e841600 .arith/sum 11, L_0000020f3e78e2f0, L_0000020f3e7e8fd8;
L_0000020f3e842820 .functor MUXZ 11, L_0000020f3e8426e0, L_0000020f3e841600, L_0000020f3e841d80, C4<>;
L_0000020f3e8423c0 .part L_0000020f3e841e20, 10, 1;
L_0000020f3e840d40 .arith/sum 11, L_0000020f3e78e130, L_0000020f3e7e9020;
L_0000020f3e841100 .functor MUXZ 11, L_0000020f3e841e20, L_0000020f3e840d40, L_0000020f3e8423c0, C4<>;
L_0000020f3e8412e0 .extend/s 32, L_0000020f3e842820;
L_0000020f3e841380 .extend/s 32, L_0000020f3e841100;
L_0000020f3e8419c0 .arith/sum 32, L_0000020f3e8412e0, L_0000020f3e841380;
L_0000020f3e841420 .arith/div.s 32, L_0000020f3e8419c0, L_0000020f3e7e9068;
L_0000020f3e8421e0 .part L_0000020f3e841420, 0, 11;
L_0000020f3e8414c0 .part L_0000020f3e8421e0, 8, 3;
L_0000020f3e842000 .reduce/or L_0000020f3e8414c0;
L_0000020f3e841740 .part L_0000020f3e8421e0, 0, 8;
L_0000020f3e841ce0 .functor MUXZ 8, L_0000020f3e841740, L_0000020f3e7e90b0, L_0000020f3e842000, C4<>;
    .scope S_0000020f3e795410;
T_0 ;
    %wait E_0000020f3e7904b0;
    %load/vec4 v0000020f3e7e6600_0;
    %flag_set/vec4 8;
    %jmp/0xz  T_0.0, 8;
    %pushi/vec4 0, 0, 13;
    %assign/vec4 v0000020f3e7e67e0_0, 0;
    %pushi/vec4 0, 0, 11;
    %assign/vec4 v0000020f3e7e6740_0, 0;
    %pushi/vec4 0, 0, 11;
    %assign/vec4 v0000020f3e7e6060_0, 0;
    %pushi/vec4 0, 0, 11;
    %assign/vec4 v0000020f3e7e5160_0, 0;
    %pushi/vec4 0, 0, 11;
    %assign/vec4 v0000020f3e7e5700_0, 0;
    %pushi/vec4 0, 0, 11;
    %assign/vec4 v0000020f3e7e57a0_0, 0;
    %pushi/vec4 0, 0, 11;
    %assign/vec4 v0000020f3e7e5840_0, 0;
    %pushi/vec4 0, 0, 11;
    %assign/vec4 v0000020f3e7e5a20_0, 0;
    %pushi/vec4 0, 0, 11;
    %assign/vec4 v0000020f3e7e5980_0, 0;
    %pushi/vec4 0, 0, 11;
    %assign/vec4 v0000020f3e7e62e0_0, 0;
    %pushi/vec4 0, 0, 11;
    %assign/vec4 v0000020f3e7e5ac0_0, 0;
    %pushi/vec4 0, 0, 1;
    %assign/vec4 v0000020f3e7e64c0_0, 0;
    %pushi/vec4 0, 0, 1;
    %assign/vec4 v0000020f3e7e6560_0, 0;
    %pushi/vec4 0, 0, 1;
    %assign/vec4 v0000020f3e7e6e50_0, 0;
    %pushi/vec4 0, 0, 1;
    %assign/vec4 v0000020f3e7e4b20_0, 0;
    %pushi/vec4 0, 0, 1;
    %assign/vec4 v0000020f3e7e4d00_0, 0;
    %jmp T_0.1;
T_0.0 ;
    %load/vec4 v0000020f3e7e67e0_0;
    %pad/u 32;
    %cmpi/u 1024, 0, 32;
    %jmp/0xz  T_0.2, 5;
    %load/vec4 v0000020f3e7e6380_0;
    %ix/getv 3, v0000020f3e7e67e0_0;
    %ix/load 4, 0, 0; Constant delay
    %assign/vec4/a/d v0000020f3e7e4da0, 0, 4;
T_0.2 ;
    %load/vec4 v0000020f3e7e67e0_0;
    %pad/u 32;
    %cmpi/u 1023, 0, 32;
    %flag_inv 5; GE is !LT
    %flag_get/vec4 5;
    %jmp/0 T_0.6, 5;
    %load/vec4 v0000020f3e7e67e0_0;
    %pad/u 32;
    %cmpi/u 2047, 0, 32;
    %flag_get/vec4 5;
    %and;
T_0.6;
    %flag_set/vec4 8;
    %jmp/0xz  T_0.4, 8;
    %load/vec4 v0000020f3e7e6380_0;
    %load/vec4 v0000020f3e7e67e0_0;
    %pad/u 32;
    %subi 1023, 0, 32;
    %ix/vec4 3;
    %ix/load 4, 0, 0; Constant delay
    %assign/vec4/a/d v0000020f3e7e6100, 0, 4;
T_0.4 ;
    %load/vec4 v0000020f3e7e67e0_0;
    %pad/u 32;
    %cmpi/u 2047, 0, 32;
    %flag_inv 5; GE is !LT
    %flag_get/vec4 5;
    %jmp/0 T_0.9, 5;
    %load/vec4 v0000020f3e7e67e0_0;
    %pad/u 32;
    %cmpi/u 3071, 0, 32;
    %flag_get/vec4 5;
    %and;
T_0.9;
    %flag_set/vec4 8;
    %jmp/0xz  T_0.7, 8;
    %load/vec4 v0000020f3e7e67e0_0;
    %pad/u 32;
    %subi 2047, 0, 32;
    %ix/vec4 4;
    %load/vec4a v0000020f3e7e4da0, 4;
    %pad/u 32;
    %muli 30, 0, 32;
    %load/vec4 v0000020f3e7e67e0_0;
    %pad/u 32;
    %subi 2047, 0, 32;
    %ix/vec4 4;
    %load/vec4a v0000020f3e7e6100, 4;
    %pad/u 32;
    %muli 59, 0, 32;
    %add;
    %load/vec4 v0000020f3e7e6380_0;
    %pad/u 32;
    %muli 11, 0, 32;
    %add;
    %pushi/vec4 100, 0, 32;
    %div;
    %pad/u 8;
    %load/vec4 v0000020f3e7e6740_0;
    %pad/u 17;
    %pad/u 22;
    %muli 32, 0, 22;
    %pad/u 23;
    %load/vec4 v0000020f3e7e6060_0;
    %pad/u 23;
    %add;
    %ix/vec4 3;
    %ix/load 4, 0, 0; Constant delay
    %assign/vec4/a/d v0000020f3e7e53e0, 0, 4;
    %load/vec4 v0000020f3e7e6740_0;
    %pad/u 32;
    %cmpi/u 31, 0, 32;
    %flag_or 5, 4;
    %jmp/0xz  T_0.10, 5;
    %load/vec4 v0000020f3e7e6060_0;
    %pad/u 32;
    %cmpi/e 31, 0, 32;
    %flag_mov 8, 4;
    %jmp/0 T_0.12, 8;
    %pushi/vec4 0, 0, 11;
    %jmp/1 T_0.13, 8;
T_0.12 ; End of true expr.
    %load/vec4 v0000020f3e7e6060_0;
    %addi 1, 0, 11;
    %jmp/0 T_0.13, 8;
 ; End of false expr.
    %blend;
T_0.13;
    %assign/vec4 v0000020f3e7e6060_0, 0;
    %load/vec4 v0000020f3e7e6060_0;
    %pad/u 32;
    %cmpi/e 31, 0, 32;
    %flag_mov 8, 4;
    %jmp/0 T_0.14, 8;
    %load/vec4 v0000020f3e7e6740_0;
    %addi 1, 0, 11;
    %jmp/1 T_0.15, 8;
T_0.14 ; End of true expr.
    %load/vec4 v0000020f3e7e6740_0;
    %jmp/0 T_0.15, 8;
 ; End of false expr.
    %blend;
T_0.15;
    %assign/vec4 v0000020f3e7e6740_0, 0;
T_0.10 ;
    %load/vec4 v0000020f3e7e6740_0;
    %pad/u 32;
    %cmpi/e 31, 0, 32;
    %flag_get/vec4 4;
    %jmp/0 T_0.18, 4;
    %load/vec4 v0000020f3e7e6060_0;
    %pad/u 32;
    %pushi/vec4 31, 0, 32;
    %cmp/e;
    %flag_get/vec4 4;
    %and;
T_0.18;
    %flag_set/vec4 8;
    %jmp/0xz  T_0.16, 8;
    %pushi/vec4 0, 0, 11;
    %assign/vec4 v0000020f3e7e6740_0, 0;
    %pushi/vec4 0, 0, 11;
    %assign/vec4 v0000020f3e7e6060_0, 0;
T_0.16 ;
T_0.7 ;
    %load/vec4 v0000020f3e7e67e0_0;
    %pad/u 32;
    %cmpi/e 3071, 0, 32;
    %flag_mov 8, 4;
    %jmp/0 T_0.19, 8;
    %pushi/vec4 0, 0, 13;
    %jmp/1 T_0.20, 8;
T_0.19 ; End of true expr.
    %load/vec4 v0000020f3e7e67e0_0;
    %addi 1, 0, 13;
    %jmp/0 T_0.20, 8;
 ; End of false expr.
    %blend;
T_0.20;
    %assign/vec4 v0000020f3e7e67e0_0, 0;
    %load/vec4 v0000020f3e7e67e0_0;
    %pad/u 32;
    %cmpi/e 3071, 0, 32;
    %jmp/0xz  T_0.21, 4;
    %pushi/vec4 1, 0, 1;
    %assign/vec4 v0000020f3e7e6e50_0, 0;
T_0.21 ;
T_0.1 ;
    %jmp T_0;
    .thread T_0;
    .scope S_0000020f3e795410;
T_1 ;
    %wait E_0000020f3e7904b0;
    %load/vec4 v0000020f3e7e6e50_0;
    %flag_set/vec4 8;
    %jmp/0xz  T_1.0, 8;
    %load/vec4 v0000020f3e7e52a0_0;
    %load/vec4 v0000020f3e7e5160_0;
    %pad/u 32;
    %addi 1, 0, 32;
    %pad/u 38;
    %pad/u 43;
    %muli 32, 0, 43;
    %pad/u 44;
    %load/vec4 v0000020f3e7e5700_0;
    %pad/u 32;
    %addi 1, 0, 32;
    %pad/u 44;
    %add;
    %ix/vec4 3;
    %ix/load 4, 0, 0; Constant delay
    %assign/vec4/a/d v0000020f3e7e5fc0, 0, 4;
    %pushi/vec4 0, 0, 32;
    %store/vec4 v0000020f3e7e5480_0, 0, 32;
T_1.2 ;
    %load/vec4 v0000020f3e7e5480_0;
    %cmpi/s 32, 0, 32;
    %jmp/0xz T_1.3, 5;
    %pushi/vec4 0, 0, 8;
    %load/vec4 v0000020f3e7e5480_0;
    %pad/s 38;
    %pad/s 43;
    %muli 32, 0, 43;
    %ix/vec4/s 3;
    %ix/load 4, 0, 0; Constant delay
    %assign/vec4/a/d v0000020f3e7e5fc0, 0, 4;
    %pushi/vec4 0, 0, 8;
    %load/vec4 v0000020f3e7e5480_0;
    %pad/s 38;
    %pad/s 43;
    %muli 32, 0, 43;
    %pad/s 44;
    %pushi/vec4 31, 0, 6;
    %pad/s 44;
    %add;
    %ix/vec4/s 3;
    %ix/load 4, 0, 0; Constant delay
    %assign/vec4/a/d v0000020f3e7e5fc0, 0, 4;
    ; show_stmt_assign_vector: Get l-value for compressed += operand
    %load/vec4 v0000020f3e7e5480_0;
    %pushi/vec4 1, 0, 32;
    %add;
    %store/vec4 v0000020f3e7e5480_0, 0, 32;
    %jmp T_1.2;
T_1.3 ;
    %pushi/vec4 0, 0, 32;
    %store/vec4 v0000020f3e7e5480_0, 0, 32;
T_1.4 ;
    %load/vec4 v0000020f3e7e5480_0;
    %cmpi/s 32, 0, 32;
    %jmp/0xz T_1.5, 5;
    %pushi/vec4 0, 0, 8;
    %ix/getv/s 3, v0000020f3e7e5480_0;
    %ix/load 4, 0, 0; Constant delay
    %assign/vec4/a/d v0000020f3e7e5fc0, 0, 4;
    %pushi/vec4 0, 0, 8;
    %pushi/vec4 992, 0, 11;
    %pad/s 12;
    %load/vec4 v0000020f3e7e5480_0;
    %pad/s 12;
    %add;
    %ix/vec4/s 3;
    %ix/load 4, 0, 0; Constant delay
    %assign/vec4/a/d v0000020f3e7e5fc0, 0, 4;
    ; show_stmt_assign_vector: Get l-value for compressed += operand
    %load/vec4 v0000020f3e7e5480_0;
    %pushi/vec4 1, 0, 32;
    %add;
    %store/vec4 v0000020f3e7e5480_0, 0, 32;
    %jmp T_1.4;
T_1.5 ;
    %load/vec4 v0000020f3e7e5160_0;
    %pad/u 32;
    %cmpi/u 29, 0, 32;
    %flag_or 5, 4;
    %jmp/0xz  T_1.6, 5;
    %load/vec4 v0000020f3e7e5700_0;
    %pad/u 32;
    %cmpi/e 29, 0, 32;
    %flag_mov 8, 4;
    %jmp/0 T_1.8, 8;
    %pushi/vec4 0, 0, 11;
    %jmp/1 T_1.9, 8;
T_1.8 ; End of true expr.
    %load/vec4 v0000020f3e7e5700_0;
    %addi 1, 0, 11;
    %jmp/0 T_1.9, 8;
 ; End of false expr.
    %blend;
T_1.9;
    %assign/vec4 v0000020f3e7e5700_0, 0;
    %load/vec4 v0000020f3e7e5700_0;
    %pad/u 32;
    %cmpi/e 29, 0, 32;
    %flag_mov 8, 4;
    %jmp/0 T_1.10, 8;
    %load/vec4 v0000020f3e7e5160_0;
    %addi 1, 0, 11;
    %jmp/1 T_1.11, 8;
T_1.10 ; End of true expr.
    %load/vec4 v0000020f3e7e5160_0;
    %jmp/0 T_1.11, 8;
 ; End of false expr.
    %blend;
T_1.11;
    %assign/vec4 v0000020f3e7e5160_0, 0;
T_1.6 ;
    %load/vec4 v0000020f3e7e5160_0;
    %pad/u 32;
    %cmpi/e 29, 0, 32;
    %flag_get/vec4 4;
    %jmp/0 T_1.14, 4;
    %load/vec4 v0000020f3e7e5700_0;
    %pad/u 32;
    %pushi/vec4 29, 0, 32;
    %cmp/e;
    %flag_get/vec4 4;
    %and;
T_1.14;
    %flag_set/vec4 8;
    %jmp/0xz  T_1.12, 8;
    %pushi/vec4 0, 0, 11;
    %assign/vec4 v0000020f3e7e5160_0, 0;
    %pushi/vec4 0, 0, 11;
    %assign/vec4 v0000020f3e7e5700_0, 0;
T_1.12 ;
    %load/vec4 v0000020f3e7e57a0_0;
    %pad/u 32;
    %cmpi/u 29, 0, 32;
    %flag_or 5, 4;
    %jmp/0xz  T_1.15, 5;
    %load/vec4 v0000020f3e7e5840_0;
    %pad/u 32;
    %cmpi/e 29, 0, 32;
    %flag_mov 8, 4;
    %jmp/0 T_1.17, 8;
    %pushi/vec4 0, 0, 11;
    %jmp/1 T_1.18, 8;
T_1.17 ; End of true expr.
    %load/vec4 v0000020f3e7e5840_0;
    %addi 1, 0, 11;
    %jmp/0 T_1.18, 8;
 ; End of false expr.
    %blend;
T_1.18;
    %assign/vec4 v0000020f3e7e5840_0, 0;
    %load/vec4 v0000020f3e7e5840_0;
    %pad/u 32;
    %cmpi/e 29, 0, 32;
    %flag_mov 8, 4;
    %jmp/0 T_1.19, 8;
    %load/vec4 v0000020f3e7e57a0_0;
    %addi 1, 0, 11;
    %jmp/1 T_1.20, 8;
T_1.19 ; End of true expr.
    %load/vec4 v0000020f3e7e57a0_0;
    %jmp/0 T_1.20, 8;
 ; End of false expr.
    %blend;
T_1.20;
    %assign/vec4 v0000020f3e7e57a0_0, 0;
T_1.15 ;
    %load/vec4 v0000020f3e7e57a0_0;
    %pad/u 32;
    %cmpi/e 29, 0, 32;
    %flag_get/vec4 4;
    %jmp/0 T_1.23, 4;
    %load/vec4 v0000020f3e7e5840_0;
    %pad/u 32;
    %pushi/vec4 29, 0, 32;
    %cmp/e;
    %flag_get/vec4 4;
    %and;
T_1.23;
    %flag_set/vec4 8;
    %jmp/0xz  T_1.21, 8;
    %pushi/vec4 0, 0, 11;
    %assign/vec4 v0000020f3e7e57a0_0, 0;
    %pushi/vec4 0, 0, 11;
    %assign/vec4 v0000020f3e7e5840_0, 0;
    %pushi/vec4 1, 0, 1;
    %assign/vec4 v0000020f3e7e4b20_0, 0;
T_1.21 ;
    %load/vec4 v0000020f3e7e57a0_0;
    %pad/u 17;
    %pad/u 22;
    %muli 32, 0, 22;
    %pad/u 23;
    %load/vec4 v0000020f3e7e5840_0;
    %pad/u 23;
    %add;
    %ix/vec4 4;
    %load/vec4a v0000020f3e7e53e0, 4;
    %load/vec4 v0000020f3e7e57a0_0;
    %pad/u 17;
    %pad/u 22;
    %muli 32, 0, 22;
    %pad/u 23;
    %load/vec4 v0000020f3e7e5840_0;
    %pad/u 32;
    %addi 1, 0, 32;
    %pad/u 23;
    %add;
    %ix/vec4 4;
    %load/vec4a v0000020f3e7e53e0, 4;
    %concat/vec4; draw_concat_vec4
    %load/vec4 v0000020f3e7e57a0_0;
    %pad/u 17;
    %pad/u 22;
    %muli 32, 0, 22;
    %pad/u 23;
    %load/vec4 v0000020f3e7e5840_0;
    %pad/u 32;
    %addi 2, 0, 32;
    %pad/u 23;
    %add;
    %ix/vec4 4;
    %load/vec4a v0000020f3e7e53e0, 4;
    %concat/vec4; draw_concat_vec4
    %load/vec4 v0000020f3e7e57a0_0;
    %pad/u 32;
    %addi 1, 0, 32;
    %pad/u 38;
    %pad/u 43;
    %muli 32, 0, 43;
    %pad/u 44;
    %load/vec4 v0000020f3e7e5840_0;
    %pad/u 44;
    %add;
    %ix/vec4 4;
    %load/vec4a v0000020f3e7e53e0, 4;
    %concat/vec4; draw_concat_vec4
    %load/vec4 v0000020f3e7e57a0_0;
    %pad/u 32;
    %addi 1, 0, 32;
    %pad/u 38;
    %pad/u 43;
    %muli 32, 0, 43;
    %pad/u 44;
    %load/vec4 v0000020f3e7e5840_0;
    %pad/u 32;
    %addi 1, 0, 32;
    %pad/u 44;
    %add;
    %ix/vec4 4;
    %load/vec4a v0000020f3e7e53e0, 4;
    %concat/vec4; draw_concat_vec4
    %load/vec4 v0000020f3e7e57a0_0;
    %pad/u 32;
    %addi 1, 0, 32;
    %pad/u 38;
    %pad/u 43;
    %muli 32, 0, 43;
    %pad/u 44;
    %load/vec4 v0000020f3e7e5840_0;
    %pad/u 32;
    %addi 2, 0, 32;
    %pad/u 44;
    %add;
    %ix/vec4 4;
    %load/vec4a v0000020f3e7e53e0, 4;
    %concat/vec4; draw_concat_vec4
    %load/vec4 v0000020f3e7e57a0_0;
    %pad/u 32;
    %addi 2, 0, 32;
    %pad/u 38;
    %pad/u 43;
    %muli 32, 0, 43;
    %pad/u 44;
    %load/vec4 v0000020f3e7e5840_0;
    %pad/u 44;
    %add;
    %ix/vec4 4;
    %load/vec4a v0000020f3e7e53e0, 4;
    %concat/vec4; draw_concat_vec4
    %load/vec4 v0000020f3e7e57a0_0;
    %pad/u 32;
    %addi 2, 0, 32;
    %pad/u 38;
    %pad/u 43;
    %muli 32, 0, 43;
    %pad/u 44;
    %load/vec4 v0000020f3e7e5840_0;
    %pad/u 32;
    %addi 1, 0, 32;
    %pad/u 44;
    %add;
    %ix/vec4 4;
    %load/vec4a v0000020f3e7e53e0, 4;
    %concat/vec4; draw_concat_vec4
    %load/vec4 v0000020f3e7e57a0_0;
    %pad/u 32;
    %addi 2, 0, 32;
    %pad/u 38;
    %pad/u 43;
    %muli 32, 0, 43;
    %pad/u 44;
    %load/vec4 v0000020f3e7e5840_0;
    %pad/u 32;
    %addi 2, 0, 32;
    %pad/u 44;
    %add;
    %ix/vec4 4;
    %load/vec4a v0000020f3e7e53e0, 4;
    %concat/vec4; draw_concat_vec4
    %split/vec4 8;
    %ix/load 3, 2, 0;
    %flag_set/imm 4, 0;
    %ix/load 4, 0, 0; Constant delay
    %assign/vec4/a/d v0000020f3e7e5200, 0, 4;
    %split/vec4 8;
    %ix/load 3, 1, 0;
    %flag_set/imm 4, 0;
    %ix/load 4, 0, 0; Constant delay
    %assign/vec4/a/d v0000020f3e7e5200, 0, 4;
    %split/vec4 8;
    %ix/load 3, 0, 0;
    %flag_set/imm 4, 0;
    %ix/load 4, 0, 0; Constant delay
    %assign/vec4/a/d v0000020f3e7e5200, 0, 4;
    %split/vec4 8;
    %ix/load 3, 2, 0;
    %flag_set/imm 4, 0;
    %ix/load 4, 0, 0; Constant delay
    %assign/vec4/a/d v0000020f3e7e5e80, 0, 4;
    %split/vec4 8;
    %ix/load 3, 1, 0;
    %flag_set/imm 4, 0;
    %ix/load 4, 0, 0; Constant delay
    %assign/vec4/a/d v0000020f3e7e5e80, 0, 4;
    %split/vec4 8;
    %ix/load 3, 0, 0;
    %flag_set/imm 4, 0;
    %ix/load 4, 0, 0; Constant delay
    %assign/vec4/a/d v0000020f3e7e5e80, 0, 4;
    %split/vec4 8;
    %ix/load 3, 2, 0;
    %flag_set/imm 4, 0;
    %ix/load 4, 0, 0; Constant delay
    %assign/vec4/a/d v0000020f3e7e4a80, 0, 4;
    %split/vec4 8;
    %ix/load 3, 1, 0;
    %flag_set/imm 4, 0;
    %ix/load 4, 0, 0; Constant delay
    %assign/vec4/a/d v0000020f3e7e4a80, 0, 4;
    %ix/load 3, 0, 0;
    %flag_set/imm 4, 0;
    %ix/load 4, 0, 0; Constant delay
    %assign/vec4/a/d v0000020f3e7e4a80, 0, 4;
T_1.0 ;
    %load/vec4 v0000020f3e7e4b20_0;
    %flag_set/vec4 8;
    %jmp/0xz  T_1.24, 8;
    %load/vec4 v0000020f3e7e4c60_0;
    %load/vec4 v0000020f3e7e5a20_0;
    %pad/u 32;
    %addi 1, 0, 32;
    %pad/u 38;
    %pad/u 43;
    %muli 32, 0, 43;
    %pad/u 44;
    %load/vec4 v0000020f3e7e5980_0;
    %pad/u 32;
    %addi 1, 0, 32;
    %pad/u 44;
    %add;
    %ix/vec4 3;
    %ix/load 4, 0, 0; Constant delay
    %assign/vec4/a/d v0000020f3e7e5520, 0, 4;
    %pushi/vec4 0, 0, 32;
    %store/vec4 v0000020f3e7e5480_0, 0, 32;
T_1.26 ;
    %load/vec4 v0000020f3e7e5480_0;
    %cmpi/s 32, 0, 32;
    %jmp/0xz T_1.27, 5;
    %pushi/vec4 0, 0, 8;
    %load/vec4 v0000020f3e7e5480_0;
    %pad/s 38;
    %pad/s 43;
    %muli 32, 0, 43;
    %ix/vec4/s 3;
    %ix/load 4, 0, 0; Constant delay
    %assign/vec4/a/d v0000020f3e7e5520, 0, 4;
    %pushi/vec4 0, 0, 8;
    %load/vec4 v0000020f3e7e5480_0;
    %pad/s 38;
    %pad/s 43;
    %muli 32, 0, 43;
    %pad/s 44;
    %pushi/vec4 31, 0, 6;
    %pad/s 44;
    %add;
    %ix/vec4/s 3;
    %ix/load 4, 0, 0; Constant delay
    %assign/vec4/a/d v0000020f3e7e5520, 0, 4;
    ; show_stmt_assign_vector: Get l-value for compressed += operand
    %load/vec4 v0000020f3e7e5480_0;
    %pushi/vec4 1, 0, 32;
    %add;
    %store/vec4 v0000020f3e7e5480_0, 0, 32;
    %jmp T_1.26;
T_1.27 ;
    %pushi/vec4 0, 0, 32;
    %store/vec4 v0000020f3e7e5480_0, 0, 32;
T_1.28 ;
    %load/vec4 v0000020f3e7e5480_0;
    %cmpi/s 32, 0, 32;
    %jmp/0xz T_1.29, 5;
    %pushi/vec4 0, 0, 8;
    %ix/getv/s 3, v0000020f3e7e5480_0;
    %ix/load 4, 0, 0; Constant delay
    %assign/vec4/a/d v0000020f3e7e5520, 0, 4;
    %pushi/vec4 0, 0, 8;
    %pushi/vec4 992, 0, 11;
    %pad/s 12;
    %load/vec4 v0000020f3e7e5480_0;
    %pad/s 12;
    %add;
    %ix/vec4/s 3;
    %ix/load 4, 0, 0; Constant delay
    %assign/vec4/a/d v0000020f3e7e5520, 0, 4;
    ; show_stmt_assign_vector: Get l-value for compressed += operand
    %load/vec4 v0000020f3e7e5480_0;
    %pushi/vec4 1, 0, 32;
    %add;
    %store/vec4 v0000020f3e7e5480_0, 0, 32;
    %jmp T_1.28;
T_1.29 ;
    %load/vec4 v0000020f3e7e5a20_0;
    %pad/u 32;
    %cmpi/u 29, 0, 32;
    %flag_or 5, 4;
    %jmp/0xz  T_1.30, 5;
    %load/vec4 v0000020f3e7e5980_0;
    %pad/u 32;
    %cmpi/e 29, 0, 32;
    %flag_mov 8, 4;
    %jmp/0 T_1.32, 8;
    %pushi/vec4 0, 0, 11;
    %jmp/1 T_1.33, 8;
T_1.32 ; End of true expr.
    %load/vec4 v0000020f3e7e5980_0;
    %addi 1, 0, 11;
    %jmp/0 T_1.33, 8;
 ; End of false expr.
    %blend;
T_1.33;
    %assign/vec4 v0000020f3e7e5980_0, 0;
    %load/vec4 v0000020f3e7e5980_0;
    %pad/u 32;
    %cmpi/e 29, 0, 32;
    %flag_mov 8, 4;
    %jmp/0 T_1.34, 8;
    %load/vec4 v0000020f3e7e5a20_0;
    %addi 1, 0, 11;
    %jmp/1 T_1.35, 8;
T_1.34 ; End of true expr.
    %load/vec4 v0000020f3e7e5a20_0;
    %jmp/0 T_1.35, 8;
 ; End of false expr.
    %blend;
T_1.35;
    %assign/vec4 v0000020f3e7e5a20_0, 0;
T_1.30 ;
    %load/vec4 v0000020f3e7e5a20_0;
    %pad/u 32;
    %cmpi/e 29, 0, 32;
    %flag_get/vec4 4;
    %jmp/0 T_1.38, 4;
    %load/vec4 v0000020f3e7e5980_0;
    %pad/u 32;
    %pushi/vec4 29, 0, 32;
    %cmp/e;
    %flag_get/vec4 4;
    %and;
T_1.38;
    %flag_set/vec4 8;
    %jmp/0xz  T_1.36, 8;
    %pushi/vec4 0, 0, 11;
    %assign/vec4 v0000020f3e7e5a20_0, 0;
    %pushi/vec4 0, 0, 11;
    %assign/vec4 v0000020f3e7e5980_0, 0;
T_1.36 ;
    %load/vec4 v0000020f3e7e62e0_0;
    %pad/u 32;
    %cmpi/u 29, 0, 32;
    %flag_or 5, 4;
    %jmp/0xz  T_1.39, 5;
    %load/vec4 v0000020f3e7e5ac0_0;
    %pad/u 32;
    %cmpi/e 29, 0, 32;
    %flag_mov 8, 4;
    %jmp/0 T_1.41, 8;
    %pushi/vec4 0, 0, 11;
    %jmp/1 T_1.42, 8;
T_1.41 ; End of true expr.
    %load/vec4 v0000020f3e7e5ac0_0;
    %addi 1, 0, 11;
    %jmp/0 T_1.42, 8;
 ; End of false expr.
    %blend;
T_1.42;
    %assign/vec4 v0000020f3e7e5ac0_0, 0;
    %load/vec4 v0000020f3e7e5ac0_0;
    %pad/u 32;
    %cmpi/e 29, 0, 32;
    %flag_mov 8, 4;
    %jmp/0 T_1.43, 8;
    %load/vec4 v0000020f3e7e62e0_0;
    %addi 1, 0, 11;
    %jmp/1 T_1.44, 8;
T_1.43 ; End of true expr.
    %load/vec4 v0000020f3e7e62e0_0;
    %jmp/0 T_1.44, 8;
 ; End of false expr.
    %blend;
T_1.44;
    %assign/vec4 v0000020f3e7e62e0_0, 0;
T_1.39 ;
    %load/vec4 v0000020f3e7e62e0_0;
    %pad/u 32;
    %cmpi/e 29, 0, 32;
    %flag_get/vec4 4;
    %jmp/0 T_1.47, 4;
    %load/vec4 v0000020f3e7e5ac0_0;
    %pad/u 32;
    %pushi/vec4 29, 0, 32;
    %cmp/e;
    %flag_get/vec4 4;
    %and;
T_1.47;
    %flag_set/vec4 8;
    %jmp/0xz  T_1.45, 8;
    %pushi/vec4 0, 0, 11;
    %assign/vec4 v0000020f3e7e62e0_0, 0;
    %pushi/vec4 0, 0, 11;
    %assign/vec4 v0000020f3e7e5ac0_0, 0;
    %pushi/vec4 1, 0, 1;
    %assign/vec4 v0000020f3e7e4d00_0, 0;
T_1.45 ;
    %load/vec4 v0000020f3e7e62e0_0;
    %pad/u 17;
    %pad/u 22;
    %muli 32, 0, 22;
    %pad/u 23;
    %load/vec4 v0000020f3e7e5ac0_0;
    %pad/u 23;
    %add;
    %ix/vec4 4;
    %load/vec4a v0000020f3e7e5fc0, 4;
    %load/vec4 v0000020f3e7e62e0_0;
    %pad/u 17;
    %pad/u 22;
    %muli 32, 0, 22;
    %pad/u 23;
    %load/vec4 v0000020f3e7e5ac0_0;
    %pad/u 32;
    %addi 1, 0, 32;
    %pad/u 23;
    %add;
    %ix/vec4 4;
    %load/vec4a v0000020f3e7e5fc0, 4;
    %concat/vec4; draw_concat_vec4
    %load/vec4 v0000020f3e7e62e0_0;
    %pad/u 17;
    %pad/u 22;
    %muli 32, 0, 22;
    %pad/u 23;
    %load/vec4 v0000020f3e7e5ac0_0;
    %pad/u 32;
    %addi 2, 0, 32;
    %pad/u 23;
    %add;
    %ix/vec4 4;
    %load/vec4a v0000020f3e7e5fc0, 4;
    %concat/vec4; draw_concat_vec4
    %load/vec4 v0000020f3e7e62e0_0;
    %pad/u 32;
    %addi 1, 0, 32;
    %pad/u 38;
    %pad/u 43;
    %muli 32, 0, 43;
    %pad/u 44;
    %load/vec4 v0000020f3e7e5ac0_0;
    %pad/u 44;
    %add;
    %ix/vec4 4;
    %load/vec4a v0000020f3e7e5fc0, 4;
    %concat/vec4; draw_concat_vec4
    %load/vec4 v0000020f3e7e62e0_0;
    %pad/u 32;
    %addi 1, 0, 32;
    %pad/u 38;
    %pad/u 43;
    %muli 32, 0, 43;
    %pad/u 44;
    %load/vec4 v0000020f3e7e5ac0_0;
    %pad/u 32;
    %addi 2, 0, 32;
    %pad/u 44;
    %add;
    %ix/vec4 4;
    %load/vec4a v0000020f3e7e5fc0, 4;
    %concat/vec4; draw_concat_vec4
    %load/vec4 v0000020f3e7e62e0_0;
    %pad/u 32;
    %addi 2, 0, 32;
    %pad/u 38;
    %pad/u 43;
    %muli 32, 0, 43;
    %pad/u 44;
    %load/vec4 v0000020f3e7e5ac0_0;
    %pad/u 44;
    %add;
    %ix/vec4 4;
    %load/vec4a v0000020f3e7e5fc0, 4;
    %concat/vec4; draw_concat_vec4
    %load/vec4 v0000020f3e7e62e0_0;
    %pad/u 32;
    %addi 2, 0, 32;
    %pad/u 38;
    %pad/u 43;
    %muli 32, 0, 43;
    %pad/u 44;
    %load/vec4 v0000020f3e7e5ac0_0;
    %pad/u 32;
    %addi 1, 0, 32;
    %pad/u 44;
    %add;
    %ix/vec4 4;
    %load/vec4a v0000020f3e7e5fc0, 4;
    %concat/vec4; draw_concat_vec4
    %load/vec4 v0000020f3e7e62e0_0;
    %pad/u 32;
    %addi 2, 0, 32;
    %pad/u 38;
    %pad/u 43;
    %muli 32, 0, 43;
    %pad/u 44;
    %load/vec4 v0000020f3e7e5ac0_0;
    %pad/u 32;
    %addi 2, 0, 32;
    %pad/u 44;
    %add;
    %ix/vec4 4;
    %load/vec4a v0000020f3e7e5fc0, 4;
    %concat/vec4; draw_concat_vec4
    %split/vec4 8;
    %ix/load 3, 2, 0;
    %flag_set/imm 4, 0;
    %ix/load 4, 0, 0; Constant delay
    %assign/vec4/a/d v0000020f3e7e7710, 0, 4;
    %split/vec4 8;
    %ix/load 3, 1, 0;
    %flag_set/imm 4, 0;
    %ix/load 4, 0, 0; Constant delay
    %assign/vec4/a/d v0000020f3e7e7710, 0, 4;
    %split/vec4 8;
    %ix/load 3, 0, 0;
    %flag_set/imm 4, 0;
    %ix/load 4, 0, 0; Constant delay
    %assign/vec4/a/d v0000020f3e7e7710, 0, 4;
    %split/vec4 8;
    %ix/load 3, 2, 0;
    %flag_set/imm 4, 0;
    %ix/load 4, 0, 0; Constant delay
    %assign/vec4/a/d v0000020f3e7e7d50, 0, 4;
    %split/vec4 8;
    %ix/load 3, 0, 0;
    %flag_set/imm 4, 0;
    %ix/load 4, 0, 0; Constant delay
    %assign/vec4/a/d v0000020f3e7e7d50, 0, 4;
    %split/vec4 8;
    %ix/load 3, 2, 0;
    %flag_set/imm 4, 0;
    %ix/load 4, 0, 0; Constant delay
    %assign/vec4/a/d v0000020f3e7e82f0, 0, 4;
    %split/vec4 8;
    %ix/load 3, 1, 0;
    %flag_set/imm 4, 0;
    %ix/load 4, 0, 0; Constant delay
    %assign/vec4/a/d v0000020f3e7e82f0, 0, 4;
    %ix/load 3, 0, 0;
    %flag_set/imm 4, 0;
    %ix/load 4, 0, 0; Constant delay
    %assign/vec4/a/d v0000020f3e7e82f0, 0, 4;
T_1.24 ;
    %jmp T_1;
    .thread T_1;
    .scope S_0000020f3e78ea20;
T_2 ;
    %pushi/vec4 0, 0, 1;
    %assign/vec4 v0000020f3e7e8570_0, 0;
    %pushi/vec4 0, 0, 8;
    %assign/vec4 v0000020f3e7e86b0_0, 0;
    %pushi/vec4 0, 0, 1;
    %assign/vec4 v0000020f3e7e8750_0, 0;
    %pushi/vec4 0, 0, 1;
    %assign/vec4 v0000020f3e7e7cb0_0, 0;
    %pushi/vec4 0, 0, 32;
    %assign/vec4 v0000020f3e7e7ad0_0, 0;
    %pushi/vec4 0, 0, 32;
    %assign/vec4 v0000020f3e7e6b30_0, 0;
    %pushi/vec4 0, 0, 32;
    %assign/vec4 v0000020f3e7e6f90_0, 0;
T_2.0 ;
    %delay 5000, 0;
    %load/vec4 v0000020f3e7e8570_0;
    %inv;
    %assign/vec4 v0000020f3e7e8570_0, 0;
    %jmp T_2.0;
    %end;
    .thread T_2;
    .scope S_0000020f3e78ea20;
T_3 ;
    %delay 10000, 0;
T_3.0 ;
    %load/vec4 v0000020f3e7e6b30_0;
    %cmpi/s 3072, 0, 32;
    %jmp/0xz  T_3.1, 5;
    %ix/getv/s 4, v0000020f3e7e6b30_0;
    %load/vec4a v0000020f3e7e7df0, 4;
    %assign/vec4 v0000020f3e7e86b0_0, 0;
    %load/vec4 v0000020f3e7e6b30_0;
    %addi 1, 0, 32;
    %assign/vec4 v0000020f3e7e6b30_0, 0;
    %jmp T_3.2;
T_3.1 ;
    %pushi/vec4 1, 0, 32;
    %assign/vec4 v0000020f3e7e6b30_0, 0;
    %ix/load 4, 0, 0;
    %flag_set/imm 4, 0;
    %load/vec4a v0000020f3e7e7df0, 4;
    %assign/vec4 v0000020f3e7e86b0_0, 0;
T_3.2 ;
    %delay 10000, 0;
    %jmp T_3.0;
    %end;
    .thread T_3;
    .scope S_0000020f3e78ea20;
T_4 ;
    %delay 2000, 0;
    %pushi/vec4 1, 0, 1;
    %assign/vec4 v0000020f3e7e6bd0_0, 0;
    %delay 5000, 0;
    %pushi/vec4 0, 0, 1;
    %assign/vec4 v0000020f3e7e6bd0_0, 0;
    %vpi_func 2 74 "$fopen" 32, "input.hex", "r" {0 0 0};
    %assign/vec4 v0000020f3e7e7c10_0, 0;
    %vpi_func 2 75 "$fopen" 32, "avg.hex", "w" {0 0 0};
    %assign/vec4 v0000020f3e7e6c70_0, 0;
    %vpi_func 2 76 "$fopen" 32, "avg_output.hex", "w" {0 0 0};
    %assign/vec4 v0000020f3e7e7850_0, 0;
    %vpi_func 2 77 "$fopen" 32, "sobel_output.hex", "w" {0 0 0};
    %assign/vec4 v0000020f3e7e8610_0, 0;
    %load/vec4 v0000020f3e7e7c10_0;
    %cmpi/e 0, 0, 32;
    %jmp/1 T_4.2, 4;
    %flag_mov 8, 4;
    %load/vec4 v0000020f3e7e6c70_0;
    %cmpi/e 0, 0, 32;
    %flag_or 4, 8;
T_4.2;
    %jmp/0xz  T_4.0, 4;
    %vpi_call 2 80 "$display", "Error: Unable to open input or output file." {0 0 0};
    %vpi_call 2 81 "$finish" {0 0 0};
T_4.0 ;
    %vpi_call 2 83 "$readmemh", "input.hex", v0000020f3e7e7df0 {0 0 0};
    %end;
    .thread T_4;
    .scope S_0000020f3e78ea20;
T_5 ;
    %wait E_0000020f3e7904b0;
    %load/vec4 v0000020f3e7e8070_0;
    %pad/u 32;
    %cmpi/e 1, 0, 32;
    %flag_get/vec4 4;
    %jmp/0 T_5.2, 4;
    %load/vec4 v0000020f3e7e7490_0;
    %pad/u 32;
    %pushi/vec4 0, 0, 32;
    %cmp/e;
    %flag_get/vec4 4;
    %and;
T_5.2;
    %flag_set/vec4 8;
    %jmp/0xz  T_5.0, 8;
    %vpi_call 2 88 "$display", "writing data avg_out_data[%d] = %h", v0000020f3e7e6f90_0, v0000020f3e7e84d0_0 {0 0 0};
    %vpi_call 2 89 "$fwrite", v0000020f3e7e7850_0, "%h\012", v0000020f3e7e84d0_0 {0 0 0};
    %jmp T_5.1;
T_5.0 ;
    %load/vec4 v0000020f3e7e7490_0;
    %pad/u 32;
    %cmpi/e 1, 0, 32;
    %flag_get/vec4 4;
    %jmp/0 T_5.5, 4;
    %load/vec4 v0000020f3e7e8430_0;
    %pad/u 32;
    %pushi/vec4 0, 0, 32;
    %cmp/e;
    %flag_get/vec4 4;
    %and;
T_5.5;
    %flag_set/vec4 8;
    %jmp/0xz  T_5.3, 8;
    %vpi_call 2 92 "$display", "writing data sobel_out_data[%d] = %h", v0000020f3e7e6f90_0, v0000020f3e7e7e90_0 {0 0 0};
    %vpi_call 2 93 "$fwrite", v0000020f3e7e8610_0, "%h\012", v0000020f3e7e7e90_0 {0 0 0};
T_5.3 ;
T_5.1 ;
    %jmp T_5;
    .thread T_5;
    .scope S_0000020f3e78ea20;
T_6 ;
    %wait E_0000020f3e790570;
    %load/vec4 v0000020f3e7e7670_0;
    %flag_set/vec4 8;
    %jmp/0xz  T_6.0, 8;
    %pushi/vec4 1, 0, 1;
    %assign/vec4 v0000020f3e7e7cb0_0, 0;
T_6.0 ;
    %load/vec4 v0000020f3e7e7cb0_0;
    %flag_set/vec4 8;
    %jmp/0xz  T_6.2, 8;
    %vpi_call 2 102 "$fwrite", v0000020f3e7e6c70_0, "%h\012", v0000020f3e7e7350_0 {0 0 0};
    %vpi_call 2 103 "$display", "writing data out_data[%d] = %h", v0000020f3e7e6f90_0, v0000020f3e7e7350_0 {0 0 0};
    %load/vec4 v0000020f3e7e6f90_0;
    %addi 1, 0, 32;
    %assign/vec4 v0000020f3e7e6f90_0, 0;
T_6.2 ;
    %load/vec4 v0000020f3e7e8110_0;
    %flag_set/vec4 8;
    %jmp/0xz  T_6.4, 8;
    %pushi/vec4 0, 0, 1;
    %assign/vec4 v0000020f3e7e7cb0_0, 0;
    %pushi/vec4 0, 0, 32;
    %assign/vec4 v0000020f3e7e6f90_0, 0;
T_6.4 ;
    %jmp T_6;
    .thread T_6;
    .scope S_0000020f3e78ea20;
T_7 ;
    %delay 80650000, 0;
    %vpi_call 2 113 "$finish" {0 0 0};
    %end;
    .thread T_7;
    .scope S_0000020f3e78ea20;
T_8 ;
    %vpi_call 2 116 "$dumpfile", "avgFilter.vcd" {0 0 0};
    %vpi_call 2 117 "$dumpvars", 32'sb00000000000000000000000000000000, S_0000020f3e78ea20 {0 0 0};
    %end;
    .thread T_8;
# The file index is used to find the file name in the following table.
:file_names 6;
    "N/A";
    "<interactive>";
    "tb.v";
    ".\average_grayscale.v";
    ".\core_avg.v";
    ".\core_sobel.v";
